# midi_fx trace
# blocks=60 notes=60 velocity=100 note_blocks=8 gate_blocks=4
# param pattern=0
# param chord=3
# param rate=0.3
# block event bytes
0 in 90 3C 64
0 out 90 3C 64
4 in 80 3C 00
4 out 80 3C 00
8 in 90 3C 64
8 out 90 3C 64
12 in 80 3C 00
12 out 80 3C 00
16 in 90 3C 64
16 out 90 3C 64
20 in 80 3C 00
20 out 80 3C 00
24 in 90 3C 64
24 out 90 3C 64
28 in 80 3C 00
28 out 80 3C 00
32 in 90 3C 64
32 out 90 3C 64
36 in 80 3C 00
36 out 80 3C 00
40 in 90 3C 64
40 out 90 3C 64
44 in 80 3C 00
44 out 80 3C 00
48 in 90 3C 64
48 out 90 3C 64
52 in 80 3C 00
52 out 80 3C 00
56 in 90 3C 64
56 out 90 3C 64
