# midi_fx trace
# blocks=40 notes=60,64,67 velocity=80 note_blocks=8 gate_blocks=4
# param scale=1.5
# block event bytes
0 in 90 3C 50
0 out 90 3C 78
4 in 80 3C 00
4 out 80 3C 00
8 in 80 3C 00
8 out 80 3C 00
8 in 90 40 50
8 out 90 40 78
12 in 80 40 00
12 out 80 40 00
16 in 80 40 00
16 out 80 40 00
16 in 90 43 50
16 out 90 43 78
20 in 80 43 00
20 out 80 43 00
24 in 90 3C 50
24 out 90 3C 78
28 in 80 3C 00
28 out 80 3C 00
32 in 80 3C 00
32 out 80 3C 00
32 in 90 40 50
32 out 90 40 78
36 in 80 40 00
36 out 80 40 00
